# JRE version: OpenJDK Runtime Environment (8.0_152-b02) (build 1.8.0_152-release-1024-b02)
# Java VM: OpenJDK 64-Bit Server VM (25.152-b02 mixed mode windows-amd64 compressed oops)
Heap:
 PSYoungGen      total 305152K, used 96229K [0x00000000e0000000, 0x00000000f4e80000, 0x0000000100000000)
  eden space 281600K, 25% used [0x00000000e0000000,0x00000000e46fb4b8,0x00000000f1300000)
  from space 23552K, 99% used [0x00000000f3000000,0x00000000f46fe110,0x00000000f4700000)
  to   space 29696K, 0% used [0x00000000f1300000,0x00000000f1300000,0x00000000f3000000)
 ParOldGen       total 96256K, used 51606K [0x00000000a0000000, 0x00000000a5e00000, 0x00000000e0000000)
  object space 96256K, 53% used [0x00000000a0000000,0x00000000a32658c8,0x00000000a5e00000)
 Metaspace       used 74954K, capacity 77688K, committed 77784K, reserved 1116160K
  class space    used 9573K, capacity 10201K, committed 10240K, reserved 1048576K
GC Heap History (10 events):
Event: 74.098 GC heap before
{Heap before GC invocations=19 (full 2):
 PSYoungGen      total 241152K, used 153240K [0x00000000e0000000, 0x00000000f0000000, 0x0000000100000000)
  eden space 229376K, 61% used [0x00000000e0000000,0x00000000e8a29308,0x00000000ee000000)
  from space 11776K, 99% used [0x00000000eed80000,0x00000000ef8fd0c0,0x00000000ef900000)
  to   space 13824K, 0% used [0x00000000ee000000,0x00000000ee000000,0x00000000eed80000)
 ParOldGen       total 57344K, used 19299K [0x00000000a0000000, 0x00000000a3800000, 0x00000000e0000000)
  object space 57344K, 33% used [0x00000000a0000000,0x00000000a12d8e20,0x00000000a3800000)
 Metaspace       used 57511K, capacity 58978K, committed 59028K, reserved 1099776K
  class space    used 7488K, capacity 7888K, committed 7936K, reserved 1048576K
Event: 74.144 GC heap after
Heap after GC invocations=19 (full 2):
 PSYoungGen      total 243200K, used 13815K [0x00000000e0000000, 0x00000000f2500000, 0x0000000100000000)
  eden space 229376K, 0% used [0x00000000e0000000,0x00000000e0000000,0x00000000ee000000)
  from space 13824K, 99% used [0x00000000ee000000,0x00000000eed7dc80,0x00000000eed80000)
  to   space 19456K, 0% used [0x00000000f1200000,0x00000000f1200000,0x00000000f2500000)
 ParOldGen       total 57344K, used 29113K [0x00000000a0000000, 0x00000000a3800000, 0x00000000e0000000)
  object space 57344K, 50% used [0x00000000a0000000,0x00000000a1c6e598,0x00000000a3800000)
 Metaspace       used 57511K, capacity 58978K, committed 59028K, reserved 1099776K
  class space    used 7488K, capacity 7888K, committed 7936K, reserved 1048576K
}
Event: 74.144 GC heap before
{Heap before GC invocations=20 (full 3):
 PSYoungGen      total 243200K, used 13815K [0x00000000e0000000, 0x00000000f2500000, 0x0000000100000000)
  eden space 229376K, 0% used [0x00000000e0000000,0x00000000e0000000,0x00000000ee000000)
  from space 13824K, 99% used [0x00000000ee000000,0x00000000eed7dc80,0x00000000eed80000)
  to   space 19456K, 0% used [0x00000000f1200000,0x00000000f1200000,0x00000000f2500000)
 ParOldGen       total 57344K, used 29113K [0x00000000a0000000, 0x00000000a3800000, 0x00000000e0000000)
  object space 57344K, 50% used [0x00000000a0000000,0x00000000a1c6e598,0x00000000a3800000)
 Metaspace       used 57511K, capacity 58978K, committed 59028K, reserved 1099776K
  class space    used 7488K, capacity 7888K, committed 7936K, reserved 1048576K
Event: 74.722 GC heap after
Heap after GC invocations=20 (full 3):
 PSYoungGen      total 243200K, used 0K [0x00000000e0000000, 0x00000000f2500000, 0x0000000100000000)
  eden space 229376K, 0% used [0x00000000e0000000,0x00000000e0000000,0x00000000ee000000)
  from space 13824K, 0% used [0x00000000ee000000,0x00000000ee000000,0x00000000eed80000)
  to   space 19456K, 0% used [0x00000000f1200000,0x00000000f1200000,0x00000000f2500000)
 ParOldGen       total 96256K, used 38190K [0x00000000a0000000, 0x00000000a5e00000, 0x00000000e0000000)
  object space 96256K, 39% used [0x00000000a0000000,0x00000000a254b840,0x00000000a5e00000)
 Metaspace       used 57469K, capacity 58866K, committed 59028K, reserved 1099776K
  class space    used 7476K, capacity 7873K, committed 7936K, reserved 1048576K
}
Event: 121.220 GC heap before
{Heap before GC invocations=21 (full 3):
 PSYoungGen      total 243200K, used 229376K [0x00000000e0000000, 0x00000000f2500000, 0x0000000100000000)
  eden space 229376K, 100% used [0x00000000e0000000,0x00000000ee000000,0x00000000ee000000)
  from space 13824K, 0% used [0x00000000ee000000,0x00000000ee000000,0x00000000eed80000)
  to   space 19456K, 0% used [0x00000000f1200000,0x00000000f1200000,0x00000000f2500000)
 ParOldGen       total 96256K, used 38190K [0x00000000a0000000, 0x00000000a5e00000, 0x00000000e0000000)
  object space 96256K, 39% used [0x00000000a0000000,0x00000000a254b840,0x00000000a5e00000)
 Metaspace       used 62440K, capacity 64192K, committed 64472K, reserved 1105920K
  class space    used 8248K, capacity 8694K, committed 8704K, reserved 1048576K
Event: 121.236 GC heap after
Heap after GC invocations=21 (full 3):
 PSYoungGen      total 274432K, used 9081K [0x00000000e0000000, 0x00000000f2100000, 0x0000000100000000)
  eden space 259072K, 0% used [0x00000000e0000000,0x00000000e0000000,0x00000000efd00000)
  from space 15360K, 59% used [0x00000000f1200000,0x00000000f1ade510,0x00000000f2100000)
  to   space 18432K, 0% used [0x00000000efd00000,0x00000000efd00000,0x00000000f0f00000)
 ParOldGen       total 96256K, used 38198K [0x00000000a0000000, 0x00000000a5e00000, 0x00000000e0000000)
  object space 96256K, 39% used [0x00000000a0000000,0x00000000a254d840,0x00000000a5e00000)
 Metaspace       used 62440K, capacity 64192K, committed 64472K, reserved 1105920K
  class space    used 8248K, capacity 8694K, committed 8704K, reserved 1048576K
}
Event: 191.414 GC heap before
{Heap before GC invocations=22 (full 3):
 PSYoungGen      total 274432K, used 268153K [0x00000000e0000000, 0x00000000f2100000, 0x0000000100000000)
  eden space 259072K, 100% used [0x00000000e0000000,0x00000000efd00000,0x00000000efd00000)
  from space 15360K, 59% used [0x00000000f1200000,0x00000000f1ade510,0x00000000f2100000)
  to   space 18432K, 0% used [0x00000000efd00000,0x00000000efd00000,0x00000000f0f00000)
 ParOldGen       total 96256K, used 38198K [0x00000000a0000000, 0x00000000a5e00000, 0x00000000e0000000)
  object space 96256K, 39% used [0x00000000a0000000,0x00000000a254d840,0x00000000a5e00000)
 Metaspace       used 67193K, capacity 69302K, committed 69464K, reserved 1110016K
  class space    used 8731K, capacity 9292K, committed 9344K, reserved 1048576K
Event: 191.545 GC heap after
Heap after GC invocations=22 (full 3):
 PSYoungGen      total 277504K, used 18408K [0x00000000e0000000, 0x00000000f4700000, 0x0000000100000000)
  eden space 259072K, 0% used [0x00000000e0000000,0x00000000e0000000,0x00000000efd00000)
  from space 18432K, 99% used [0x00000000efd00000,0x00000000f0efa0e0,0x00000000f0f00000)
  to   space 23552K, 0% used [0x00000000f3000000,0x00000000f3000000,0x00000000f4700000)
 ParOldGen       total 96256K, used 44385K [0x00000000a0000000, 0x00000000a5e00000, 0x00000000e0000000)
  object space 96256K, 46% used [0x00000000a0000000,0x00000000a2b58690,0x00000000a5e00000)
 Metaspace       used 67193K, capacity 69302K, committed 69464K, reserved 1110016K
  class space    used 8731K, capacity 9292K, committed 9344K, reserved 1048576K
}
Event: 775.552 GC heap before
{Heap before GC invocations=23 (full 3):
 PSYoungGen      total 277504K, used 277480K [0x00000000e0000000, 0x00000000f4700000, 0x0000000100000000)
  eden space 259072K, 100% used [0x00000000e0000000,0x00000000efd00000,0x00000000efd00000)
  from space 18432K, 99% used [0x00000000efd00000,0x00000000f0efa0e0,0x00000000f0f00000)
  to   space 23552K, 0% used [0x00000000f3000000,0x00000000f3000000,0x00000000f4700000)
 ParOldGen       total 96256K, used 44385K [0x00000000a0000000, 0x00000000a5e00000, 0x00000000e0000000)
  object space 96256K, 46% used [0x00000000a0000000,0x00000000a2b58690,0x00000000a5e00000)
 Metaspace       used 74551K, capacity 77090K, committed 77272K, reserved 1116160K
  class space    used 9521K, capacity 10138K, committed 10240K, reserved 1048576K
Event: 776.066 GC heap after
Heap after GC invocations=23 (full 3):
 PSYoungGen      total 305152K, used 23544K [0x00000000e0000000, 0x00000000f4e80000, 0x0000000100000000)
  eden space 281600K, 0% used [0x00000000e0000000,0x00000000e0000000,0x00000000f1300000)
  from space 23552K, 99% used [0x00000000f3000000,0x00000000f46fe110,0x00000000f4700000)
  to   space 29696K, 0% used [0x00000000f1300000,0x00000000f1300000,0x00000000f3000000)
 ParOldGen       total 96256K, used 51606K [0x00000000a0000000, 0x00000000a5e00000, 0x00000000e0000000)
  object space 96256K, 53% used [0x00000000a0000000,0x00000000a32658c8,0x00000000a5e00000)
 Metaspace       used 74551K, capacity 77090K, committed 77272K, reserved 1116160K
  class space    used 9521K, capacity 10138K, committed 10240K, reserved 1048576K
}

